Arguments: 
  /usr/local/Cellar/node/14.0.0/bin/node /usr/local/Cellar/yarn/1.22.4/libexec/bin/yarn.js publish --scope@vivequilo --tag v1.0.1

PATH: 
  /usr/local/opt/postgresql@11/bin:/usr/local/opt/mysql@5.6/bin:/usr/local/opt/mysql@5.6/bin:/usr/local/opt/mysql@5.7/bin:/usr/local/opt/mysql@5.6/bin:/usr/local/opt/mysql@5.6/bin:/usr/local/opt/mysql@5.6/bin:/usr/local/opt/mysql@5.6/bin:/usr/local/opt/mysql@5.6/bin:/usr/local/opt/mysql@5.6/bin:/usr/local/opt/mysql@5.7/bin:/usr/local/opt/mysql@5.7/bin:/usr/local/opt/mysql@5.7/bin:/usr/local/opt/openssl/bin:/Library/Frameworks/Python.framework/Versions/3.7/bin:/usr/local/bin:/usr/bin:/bin:/usr/sbin:/sbin:/Applications/VMware Fusion.app/Contents/Public:/opt/X11/bin:/Library/Apple/usr/bin:/Library/Frameworks/Mono.framework/Versions/Current/Commands:/usr/local/opt/postgresql@11/bin:/usr/local/opt/mysql@5.6/bin:/usr/local/opt/mysql@5.7/bin:/usr/local/opt/openssl/bin:/Library/Frameworks/Python.framework/Versions/3.7/bin:/Users/tito/Library/Android/sdk/emulator:/Users/tito/Library/Android/sdk/tools:/Users/tito/Library/Android/sdk/tools/bin:/Users/tito/Library/Android/sdk/platform-tools:/Users/tito/Library/Android/sdk/emulator:/Users/tito/Library/Android/sdk/tools:/Users/tito/Library/Android/sdk/tools/bin:/Users/tito/Library/Android/sdk/platform-tools

Yarn version: 
  1.22.4

Node version: 
  14.0.0

Platform: 
  darwin x64

Trace: 
  Error: canceled
      at Interface.<anonymous> (/usr/local/Cellar/yarn/1.22.4/libexec/lib/cli.js:137008:13)
      at Interface.emit (events.js:315:20)
      at Interface._ttyWrite (readline.js:873:16)
      at ReadStream.onkeypress (readline.js:213:10)
      at ReadStream.emit (events.js:315:20)
      at emitKeys (internal/readline/utils.js:335:14)
      at emitKeys.next (<anonymous>)
      at ReadStream.onData (readline.js:1140:36)
      at ReadStream.emit (events.js:315:20)
      at addChunk (_stream_readable.js:296:12)

npm manifest: 
  {
    "name": "@vivequilo/qcall",
    "version": "1.0.1",
    "description": "Call library from Quilo S.A.",
    "main": "index.js",
    "repository": "https://github.com/vivequilo/qcall",
    "author": "Quilo S.A.",
    "license": "MIT",
    "dependencies": {
      "axios": "^0.19.2",
      "peerjs": "^1.3.1"
    }
  }

yarn manifest: 
  No manifest

Lockfile: 
  # THIS IS AN AUTOGENERATED FILE. DO NOT EDIT THIS FILE DIRECTLY.
  # yarn lockfile v1
  
  
  "@types/node@^10.14.17":
    version "10.17.27"
    resolved "https://registry.yarnpkg.com/@types/node/-/node-10.17.27.tgz#391cb391c75646c8ad2a7b6ed3bbcee52d1bdf19"
    integrity sha512-J0oqm9ZfAXaPdwNXMMgAhylw5fhmXkToJd06vuDUSAgEDZ/n/69/69UmyBZbc+zT34UnShuDSBqvim3SPnozJg==
  
  axios@^0.19.2:
    version "0.19.2"
    resolved "https://registry.yarnpkg.com/axios/-/axios-0.19.2.tgz#3ea36c5d8818d0d5f8a8a97a6d36b86cdc00cb27"
    integrity sha512-fjgm5MvRHLhx+osE2xoekY70AhARk3a6hkN+3Io1jc00jtquGvxYlKlsFUhmUET0V5te6CcZI7lcv2Ym61mjHA==
    dependencies:
      follow-redirects "1.5.10"
  
  debug@=3.1.0:
    version "3.1.0"
    resolved "https://registry.yarnpkg.com/debug/-/debug-3.1.0.tgz#5bb5a0672628b64149566ba16819e61518c67261"
    integrity sha512-OX8XqP7/1a9cqkxYw2yXss15f26NKWBpDXQd0/uK/KPqdQhxbPa994hnzjcE2VqQpDslf55723cKPUOGSmMY3g==
    dependencies:
      ms "2.0.0"
  
  eventemitter3@^3.1.2:
    version "3.1.2"
    resolved "https://registry.yarnpkg.com/eventemitter3/-/eventemitter3-3.1.2.tgz#2d3d48f9c346698fce83a85d7d664e98535df6e7"
    integrity sha512-tvtQIeLVHjDkJYnzf2dgVMxfuSGJeM/7UCG17TT4EumTfNtF+0nebF/4zWOIkCreAbtNqhGEboB6BWrwqNaw4Q==
  
  follow-redirects@1.5.10:
    version "1.5.10"
    resolved "https://registry.yarnpkg.com/follow-redirects/-/follow-redirects-1.5.10.tgz#7b7a9f9aea2fdff36786a94ff643ed07f4ff5e2a"
    integrity sha512-0V5l4Cizzvqt5D44aTXbFZz+FtyXV1vrDN6qrelxtfYQKW0KO0W2T/hkE8xvGa/540LkZlkaUjO4ailYTFtHVQ==
    dependencies:
      debug "=3.1.0"
  
  ms@2.0.0:
    version "2.0.0"
    resolved "https://registry.yarnpkg.com/ms/-/ms-2.0.0.tgz#5608aeadfc00be6c2901df5f9861788de0d597c8"
    integrity sha1-VgiurfwAvmwpAd9fmGF4jeDVl8g=
  
  peerjs-js-binarypack@1.0.1:
    version "1.0.1"
    resolved "https://registry.yarnpkg.com/peerjs-js-binarypack/-/peerjs-js-binarypack-1.0.1.tgz#80fa2b61c794a6b16d64253700405e476ada29be"
    integrity sha512-N6aeia3NhdpV7kiGxJV5xQiZZCVEEVjRz2T2C6UZQiBkHWHzUv/oWA4myQLcwBwO8LUoR1KWW5oStvwVesmfCg==
  
  peerjs@^1.3.1:
    version "1.3.1"
    resolved "https://registry.yarnpkg.com/peerjs/-/peerjs-1.3.1.tgz#80182351dc131e6912d06b71b23fd301994ba1aa"
    integrity sha512-V76SNqSyPNf4mZviGOkjOo3GpwJZ8DHXyaPE3tlzU5hFzwWqceMFs/4w/9mzNJtKUVU2yXBZCU54xl7JVChGXQ==
    dependencies:
      "@types/node" "^10.14.17"
      eventemitter3 "^3.1.2"
      peerjs-js-binarypack "1.0.1"
      webrtc-adapter "^7.3.0"
  
  rtcpeerconnection-shim@^1.2.15:
    version "1.2.15"
    resolved "https://registry.yarnpkg.com/rtcpeerconnection-shim/-/rtcpeerconnection-shim-1.2.15.tgz#e7cc189a81b435324c4949aa3dfb51888684b243"
    integrity sha512-C6DxhXt7bssQ1nHb154lqeL0SXz5Dx4RczXZu2Aa/L1NJFnEVDxFwCBo3fqtuljhHIGceg5JKBV4XJ0gW5JKyw==
    dependencies:
      sdp "^2.6.0"
  
  sdp@^2.12.0, sdp@^2.6.0:
    version "2.12.0"
    resolved "https://registry.yarnpkg.com/sdp/-/sdp-2.12.0.tgz#338a106af7560c86e4523f858349680350d53b22"
    integrity sha512-jhXqQAQVM+8Xj5EjJGVweuEzgtGWb3tmEEpl3CLP3cStInSbVHSg0QWOGQzNq8pSID4JkpeV2mPqlMDLrm0/Vw==
  
  webrtc-adapter@^7.3.0:
    version "7.6.3"
    resolved "https://registry.yarnpkg.com/webrtc-adapter/-/webrtc-adapter-7.6.3.tgz#4752338bbc411caa3f71da3a5de46149690ddcbe"
    integrity sha512-DCMiS6cy29PknSuBz779twM6/VsPdoQNAU/I/q4VCEVSlCQ88xiwqGD5/osVO6UMyXCnTBiOl8kd+1cJi6Pkig==
    dependencies:
      rtcpeerconnection-shim "^1.2.15"
      sdp "^2.12.0"
